
2017-02-June 08:49:10 Localhost: Fred_Z87
2017-02-June 08:49:10 Current PHP version: 5.6.30
2017-02-June 08:49:15 Localhost: Fred_Z87
2017-02-June 08:49:15 Current PHP version: 5.6.30
2017-02-June 08:49:44 Localhost: Fred_Z87
2017-02-June 08:49:44 Current PHP version: 5.6.30
2017-02-June 08:49:47 Localhost: Fred_Z87
2017-02-June 08:49:47 Current PHP version: 5.6.30
2017-02-June 08:49:48 Localhost: Fred_Z87
2017-02-June 08:49:48 Current PHP version: 5.6.30
2017-02-June 08:49:49 Localhost: Fred_Z87
2017-02-June 08:49:49 Current PHP version: 5.6.30
2017-02-June 08:49:50 Localhost: Fred_Z87
2017-02-June 08:49:50 Current PHP version: 5.6.30
2017-02-June 08:50:44 Localhost: Fred_Z87
2017-02-June 08:50:44 Current PHP version: 5.6.30
2017-02-June 08:50:47 Localhost: Fred_Z87
2017-02-June 08:50:47 Current PHP version: 5.6.30
2017-02-June 08:52:30 Localhost: Fred_Z87
2017-02-June 08:52:30 Current PHP version: 5.6.30
2017-02-June 08:52:34 Localhost: Fred_Z87
2017-02-June 08:52:34 Current PHP version: 5.6.30
2017-02-June 08:52:35 Localhost: Fred_Z87
2017-02-June 08:52:35 Current PHP version: 5.6.30
2017-02-June 08:52:36 Localhost: Fred_Z87
2017-02-June 08:52:36 Current PHP version: 5.6.30
2017-02-June 08:53:06 Localhost: Fred_Z87
2017-02-June 08:53:06 Current PHP version: 5.6.30
2017-02-June 08:56:12 Localhost: Fred_Z87
2017-02-June 08:56:12 Current PHP version: 5.6.30
2017-02-June 08:56:14 Localhost: Fred_Z87
2017-02-June 08:56:14 Current PHP version: 5.6.30
2017-02-June 10:48:19 Localhost: Fred_Z87
2017-02-June 10:48:19 Current PHP version: 5.6.30
2017-02-June 11:01:21 Localhost: Fred_Z87
2017-02-June 11:01:21 Current PHP version: 5.6.30
2017-02-June 11:03:02 Localhost: Fred_Z87
2017-02-June 11:03:02 Current PHP version: 5.6.30
2017-02-June 11:03:03 Database access read: OK
2017-02-June 11:03:03 Success: Email send
2017-02-June 11:03:09 Localhost: Fred_Z87
2017-02-June 11:03:09 Current PHP version: 5.6.30
2017-02-June 11:03:10 Database access read: OK
2017-02-June 11:03:10 Success: Email send
2017-02-June 11:10:12 Localhost: Fred_Z87
2017-02-June 11:10:12 Current PHP version: 5.6.30
2017-02-June 11:10:13 Database access read: OK
2017-02-June 11:17:39 Localhost: Fred_Z87
2017-02-June 11:17:39 Current PHP version: 5.6.30
2017-02-June 11:17:40 Database access read: OK
2017-02-June 11:17:40 Success: Email send
2017-02-June 11:17:44 Localhost: Fred_Z87
2017-02-June 11:17:44 Current PHP version: 5.6.30
2017-02-June 11:17:45 Database access read: OK
2017-02-June 11:17:45 Success: Email send
2017-02-June 11:19:49 Localhost: Fred_Z87
2017-02-June 11:19:49 Current PHP version: 5.6.30
2017-02-June 11:19:50 Database access read: OK
2017-02-June 11:19:50 Success: Email send
2017-02-June 12:34:18 -------------------------------------------------
2017-02-June 12:34:18 Localhost: Fred_Z87
2017-02-June 12:34:18 Current PHP version: 5.6.30
2017-02-June 12:34:19 Database access read: OK
2017-02-June 12:34:19 Success: Email send