
2017-07-June 12:58:39 Table __seti.server_status created
2017-07-June 12:58:41 Check if update needed: http://setiathome.berkeley.edu/stats/user.gz timestamp: [sql] -1 [url] 415774 [GMT] 2017 Jun 06 22:00:00
2017-07-June 12:58:41 (gzRead) Start reading: http://setiathome.berkeley.edu/stats/user.gz Folder: /WebServer/UniServerZSeti/www/data/user.gz
2017-07-June 12:59:17 (gzRead) Finished reading: http://setiathome.berkeley.edu/stats/user.gz after: 0 H, 0 M, 36 S
2017-07-June 12:59:17 
2017-07-June 15:24:54 empty: block len: 10<<<<<>>>>
</users>

2017-07-June 15:24:54 Record read: 1687332, Blocks read: 128207
2017-07-June 15:24:54 (userGzProcess) Finished processing users: 2 H, 25 M, 37 S
2017-07-June 15:24:54 
2017-07-June 15:24:55 (userStatsAddTeam) Start adding user results, for team: 0
2017-07-June 15:25:03 New data table entry, tableLast: 6 860
2017-07-June 15:25:07 New data table entry, tableLast: 6 861
2017-07-June 15:25:09 New data table entry, tableLast: 6 862
2017-07-June 15:25:12 New data table entry, tableLast: 6 863
2017-07-June 15:25:18 New data table entry, tableLast: 6 864
2017-07-June 15:25:22 New data table entry, tableLast: 6 865
2017-07-June 15:25:33 New data table entry, tableLast: 6 866
2017-07-June 15:25:35 New data table entry, tableLast: 6 867
2017-07-June 15:25:39 New data table entry, tableLast: 6 868
2017-07-June 15:25:45 New data table entry, tableLast: 6 869
2017-07-June 15:25:48 New data table entry, tableLast: 6 870
2017-07-June 15:25:50 New data table entry, tableLast: 6 871
2017-07-June 15:25:55 New data table entry, tableLast: 6 872
2017-07-June 15:26:06 New data table entry, tableLast: 6 873
2017-07-June 15:26:11 New data table entry, tableLast: 6 874
2017-07-June 15:26:13 New data table entry, tableLast: 6 875
2017-07-June 15:26:17 New data table entry, tableLast: 6 876
2017-07-June 15:26:22 New data table entry, tableLast: 6 877
2017-07-June 15:26:45 New data table entry, tableLast: 6 878
2017-07-June 15:26:52 New data table entry, tableLast: 6 879
2017-07-June 15:26:58 New data table entry, tableLast: 6 880
2017-07-June 15:27:07 New data table entry, tableLast: 6 881
2017-07-June 15:27:08 New data table entry, tableLast: 6 882
2017-07-June 15:27:10 New data table entry, tableLast: 6 883
2017-07-June 15:27:16 New data table entry, tableLast: 6 884
2017-07-June 15:27:33 New data table entry, tableLast: 6 885
2017-07-June 15:27:34 New data table entry, tableLast: 6 886
2017-07-June 15:27:36 New data table entry, tableLast: 6 887
2017-07-June 15:27:37 (userStatsAddTeam) Start adding user results, for team: 5
2017-07-June 15:27:40 (userStatsAddTeam) Start adding user results, for team: 21
2017-07-June 15:27:44 New data table entry, tableLast: 6 888
2017-07-June 15:27:46 (userStatsAddTeam) Start adding user results, for team: 26483
2017-07-June 15:27:48 New data table entry, tableLast: 6 889
2017-07-June 15:27:51 (userStatsAddTeam) Start adding user results, for team: 26485
2017-07-June 15:27:53 (userStatsAddTeam) Start adding user results, for team: 30187
2017-07-June 15:27:58 New data table entry, tableLast: 6 890
2017-07-June 15:28:03 New data table entry, tableLast: 6 891
2017-07-June 15:28:07 New data table entry, tableLast: 6 892
2017-07-June 15:28:10 New data table entry, tableLast: 6 893
2017-07-June 15:28:12 New data table entry, tableLast: 6 894
2017-07-June 15:28:16 New data table entry, tableLast: 6 895
2017-07-June 15:28:17 New data table entry, tableLast: 6 896
2017-07-June 15:28:21 New data table entry, tableLast: 6 897
2017-07-June 15:28:26 New data table entry, tableLast: 6 898
2017-07-June 15:28:42 New data table entry, tableLast: 6 899
2017-07-June 15:28:44 New data table entry, tableLast: 6 900
2017-07-June 15:28:51 New data table entry, tableLast: 6 901
2017-07-June 15:28:52 New data table entry, tableLast: 6 902
2017-07-June 15:28:52 (userStatsAddTeam) Start adding user results, for team: 30188
2017-07-June 15:28:54 New data table entry, tableLast: 6 903
2017-07-June 15:28:59 (userStatsAddTeam) Start adding user results, for team: 30189
2017-07-June 15:29:03 (userStatsAddTeam) Start adding user results, for team: 30190
2017-07-June 15:29:09 New data table entry, tableLast: 6 904
2017-07-June 15:29:18 New data table entry, tableLast: 6 905
2017-07-June 15:29:29 New data table entry, tableLast: 6 906
2017-07-June 15:29:32 New data table entry, tableLast: 6 907
2017-07-June 15:29:33 New data table entry, tableLast: 6 908
2017-07-June 15:29:34 New data table entry, tableLast: 6 909
2017-07-June 15:29:34 (userStatsAddTeam) Start adding user results, for team: 30191
2017-07-June 15:29:37 New data table entry, tableLast: 6 910
2017-07-June 15:29:40 (userStatsAddTeam) Start adding user results, for team: 30192
2017-07-June 15:29:43 (userStatsAddTeam) Start adding user results, for team: 30194
2017-07-June 15:29:47 New data table entry, tableLast: 6 911
2017-07-June 15:29:55 (userStatsAddTeam) Start adding user results, for team: 30195
2017-07-June 15:30:00 New data table entry, tableLast: 6 912
2017-07-June 15:30:14 (userStatsAddTeam) Start adding user results, for team: 30197
2017-07-June 15:30:19 (userStatsAddTeam) Start adding user results, for team: 30199
2017-07-June 15:30:21 New data table entry, tableLast: 6 913
2017-07-June 15:30:25 (userStatsAddTeam) Start adding user results, for team: 30200
2017-07-June 15:30:31 New data table entry, tableLast: 6 914
2017-07-June 15:30:40 (userStatsAddTeam) Start adding user results, for team: 30203
2017-07-June 15:30:41 New data table entry, tableLast: 6 915
2017-07-June 15:30:49 (userStatsAddTeam) Start adding user results, for team: 30205
2017-07-June 15:31:02 (userStatsAddTeam) Start adding user results, for team: 30206
2017-07-June 15:31:05 New data table entry, tableLast: 6 916
2017-07-June 15:31:11 (userStatsAddTeam) Start adding user results, for team: 30208
2017-07-June 15:31:18 New data table entry, tableLast: 6 917
2017-07-June 15:31:22 New data table entry, tableLast: 6 918
2017-07-June 15:31:27 New data table entry, tableLast: 6 919
2017-07-June 15:31:29 New data table entry, tableLast: 6 920
2017-07-June 15:31:31 (userStatsAddTeam) Start adding user results, for team: 30212
2017-07-June 15:31:41 (userStatsAddTeam) Start adding user results, for team: 30214
2017-07-June 15:31:43 New data table entry, tableLast: 6 921
2017-07-June 15:31:47 (userStatsAddTeam) Start adding user results, for team: 30215
2017-07-June 15:31:50 New data table entry, tableLast: 6 922
2017-07-June 15:31:53 (userStatsAddTeam) Start adding user results, for team: 30217
2017-07-June 15:31:55 (userStatsAddTeam) Start adding user results, for team: 30222
2017-07-June 15:31:58 (userStatsAddTeam) Start adding user results, for team: 30226
2017-07-June 15:32:00 (userStatsAddTeam) Start adding user results, for team: 30228
2017-07-June 15:32:02 New data table entry, tableLast: 6 923
2017-07-June 15:32:08 New data table entry, tableLast: 6 924
2017-07-June 15:32:14 New data table entry, tableLast: 6 925
2017-07-June 15:32:15 (userStatsAddTeam) Start adding user results, for team: 30230
2017-07-June 15:32:21 (userStatsAddTeam) Start adding user results, for team: 30243
2017-07-June 15:32:26 New data table entry, tableLast: 6 926
2017-07-June 15:32:26 (userStatsAddTeam) Start adding user results, for team: 30250
2017-07-June 15:32:28 New data table entry, tableLast: 6 927
2017-07-June 15:32:31 (userStatsAddTeam) Start adding user results, for team: 30258
2017-07-June 15:32:34 New data table entry, tableLast: 6 928
2017-07-June 15:32:35 (userStatsAddTeam) Start adding user results, for team: 30259
2017-07-June 15:32:40 (userStatsAddTeam) Start adding user results, for team: 30265
2017-07-June 15:32:42 New data table entry, tableLast: 6 929
2017-07-June 15:32:53 (userStatsAddTeam) Start adding user results, for team: 30267
2017-07-June 15:33:01 New data table entry, tableLast: 6 930
2017-07-June 15:33:04 New data table entry, tableLast: 6 931
2017-07-June 15:33:05 (userStatsAddTeam) Start adding user results, for team: 30272
2017-07-June 15:33:07 (userStatsAddTeam) Start adding user results, for team: 30289
2017-07-June 15:33:09 New data table entry, tableLast: 6 932
2017-07-June 15:33:16 New data table entry, tableLast: 6 933
2017-07-June 15:33:19 New data table entry, tableLast: 6 934
2017-07-June 15:33:24 New data table entry, tableLast: 6 935
2017-07-June 15:33:29 New data table entry, tableLast: 6 936
2017-07-June 15:33:31 New data table entry, tableLast: 6 937
2017-07-June 15:33:34 New data table entry, tableLast: 6 938
2017-07-June 15:33:35 (userStatsAddTeam) Start adding user results, for team: 30300
2017-07-June 15:33:43 New data table entry, tableLast: 6 939
2017-07-June 15:33:50 New data table entry, tableLast: 6 940
2017-07-June 15:33:54 New data table entry, tableLast: 6 941
2017-07-June 15:33:54 New data table entry, tableLast: 6 942
2017-07-June 15:33:57 (userStatsAddTeam) Start adding user results, for team: 30347
2017-07-June 15:34:00 New data table entry, tableLast: 6 943
2017-07-June 15:34:06 (userStatsAddTeam) Start adding user results, for team: 30445
2017-07-June 15:34:09 (userStatsAddTeam) Start adding user results, for team: 30614
2017-07-June 15:34:13 New data table entry, tableLast: 6 944
2017-07-June 15:34:13 (userStatsAddTeam) Start adding user results, for team: 31064
2017-07-June 15:34:16 New data table entry, tableLast: 6 945
2017-07-June 15:34:18 (userStatsAddTeam) Start adding user results, for team: 31781
2017-07-June 15:34:21 New data table entry, tableLast: 6 946
2017-07-June 15:34:23 New data table entry, tableLast: 6 947
2017-07-June 15:34:23 (userStatsAddTeam) Start adding user results, for team: 37047
2017-07-June 15:34:25 (userStatsAddTeam) Start adding user results, for team: 39184
2017-07-June 15:34:26 (userStatsAddTeam) Start adding user results, for team: 41499
2017-07-June 15:34:32 (userStatsAddTeam) Start adding user results, for team: 101567
2017-07-June 15:34:36 New data table entry, tableLast: 6 948
2017-07-June 15:34:38 (userStatsAddTeam) Start adding user results, for team: 110052
2017-07-June 15:34:45 New data table entry, tableLast: 6 949
2017-07-June 15:34:48 New data table entry, tableLast: 6 950
2017-07-June 15:34:50 New data table entry, tableLast: 6 951
2017-07-June 15:34:50 (userStatsAddTeam) Start adding user results, for team: 110053
2017-07-June 15:34:56 (userStatsAddTeam) Start adding user results, for team: 110060
2017-07-June 15:34:59 (userStatsAddTeam) Start adding user results, for team: 110064
2017-07-June 15:35:01 New data table entry, tableLast: 6 952
2017-07-June 15:35:02 New data table entry, tableLast: 6 953
2017-07-June 15:35:04 (userStatsAddTeam) Start adding user results, for team: 112230
2017-07-June 15:35:08 New data table entry, tableLast: 6 954
2017-07-June 15:35:16 New data table entry, tableLast: 6 955
2017-07-June 15:35:19 New data table entry, tableLast: 6 956
2017-07-June 15:35:24 New data table entry, tableLast: 6 957
2017-07-June 15:35:32 New data table entry, tableLast: 6 958
2017-07-June 15:35:37 (userStatsAddTeam) Start adding user results, for team: 112267
2017-07-June 15:35:41 (userStatsAddTeam) Start adding user results, for team: 112288
2017-07-June 15:35:42 New data table entry, tableLast: 6 959
2017-07-June 15:35:52 (userStatsAddTeam) Start adding user results, for team: 112338
2017-07-June 15:35:53 New data table entry, tableLast: 6 960
2017-07-June 15:35:54 New data table entry, tableLast: 6 961
2017-07-June 15:35:59 New data table entry, tableLast: 6 962
2017-07-June 15:36:04 New data table entry, tableLast: 6 963
2017-07-June 15:36:06 New data table entry, tableLast: 6 964
2017-07-June 15:36:10 (userStatsAddTeam) Start adding user results, for team: 112468
2017-07-June 15:36:17 New data table entry, tableLast: 6 965
2017-07-June 15:36:19 New data table entry, tableLast: 6 966
2017-07-June 15:36:20 New data table entry, tableLast: 6 967
2017-07-June 15:36:23 (userStatsAddTeam) Start adding user results, for team: 113336
2017-07-June 15:36:34 New data table entry, tableLast: 6 968
2017-07-June 15:36:43 New data table entry, tableLast: 6 969
2017-07-June 15:36:44 (userStatsAddTeam) Start adding user results, for team: 113513
2017-07-June 15:36:47 (userStatsAddTeam) Start adding user results, for team: 115396
2017-07-June 15:36:58 New data table entry, tableLast: 6 970
2017-07-June 15:37:20 New data table entry, tableLast: 6 971
2017-07-June 15:37:31 New data table entry, tableLast: 6 972
2017-07-June 15:37:35 New data table entry, tableLast: 6 973
2017-07-June 15:37:36 New data table entry, tableLast: 6 974
2017-07-June 15:37:36 (userStatsAddTeam) Start adding user results, for team: 116009
2017-07-June 15:37:41 New data table entry, tableLast: 6 975
2017-07-June 15:37:43 (userStatsAddTeam) Start adding user results, for team: 133361
2017-07-June 15:37:46 New data table entry, tableLast: 6 976
2017-07-June 15:37:50 (userStatsAddTeam) Start adding user results, for team: 134826
2017-07-June 15:37:58 (userStatsAddTeam) Start adding user results, for team: 135021
2017-07-June 15:38:03 New data table entry, tableLast: 6 977
2017-07-June 15:38:05 New data table entry, tableLast: 6 978
2017-07-June 15:38:08 New data table entry, tableLast: 6 979
2017-07-June 15:38:10 New data table entry, tableLast: 6 980
2017-07-June 15:38:11 New data table entry, tableLast: 6 981
2017-07-June 15:38:17 New data table entry, tableLast: 6 982
2017-07-June 15:38:20 New data table entry, tableLast: 6 983
2017-07-June 15:38:22 New data table entry, tableLast: 6 984
2017-07-June 15:38:23 New data table entry, tableLast: 6 985
2017-07-June 15:38:24 New data table entry, tableLast: 6 986
2017-07-June 15:38:24 (userStatsAddTeam) Start adding user results, for team: 138578
2017-07-June 15:38:28 (userStatsAddTeam) Start adding user results, for team: 142992
2017-07-June 15:38:30 (userStatsAddTeam) Start adding user results, for team: 144623
2017-07-June 15:38:32 New data table entry, tableLast: 6 987
2017-07-June 15:38:33 New data table entry, tableLast: 6 988
2017-07-June 15:38:34 (userStatsAddTeam) Start adding user results, for team: 145273
2017-07-June 15:38:38 New data table entry, tableLast: 6 989
2017-07-June 15:38:38 (userStatsAddTeam) Start adding user results, for team: 145340
2017-07-June 15:38:45 New data table entry, tableLast: 6 990
2017-07-June 15:38:49 New data table entry, tableLast: 6 991
2017-07-June 15:38:51 New data table entry, tableLast: 6 992
2017-07-June 15:38:53 New data table entry, tableLast: 6 993
2017-07-June 15:38:59 New data table entry, tableLast: 6 994
2017-07-June 15:39:07 New data table entry, tableLast: 6 995
2017-07-June 15:39:10 New data table entry, tableLast: 6 996
2017-07-June 15:39:14 New data table entry, tableLast: 6 997
2017-07-June 15:39:15 New data table entry, tableLast: 6 998
2017-07-June 15:39:16 New data table entry, tableLast: 6 999
2017-07-June 15:39:16 New data table entry, tableLast: 6 1000
2017-07-June 15:39:16 (userStatsAddTeam) Start adding user results, for team: 151703
2017-07-June 15:39:17 (userStatsAddTeam) Start adding user results, for team: 159344
2017-07-June 15:39:18 (userStatsAddTeam) Start adding user results, for team: 207293
2017-07-June 15:39:22 New data table entry, tableLast: 6 1001
2017-07-June 15:39:23 New data table entry, tableLast: 6 1002
2017-07-June 15:39:24 (userStatsAddTeam) Start adding user results, for team: 208474
2017-07-June 15:39:25 (userStatsAddTeam) Added: 8768 skipped: 0
2017-07-June 15:39:25 (userStatsAddTeam) Finished after: 0 H, 14 M, 30 S
2017-07-June 15:39:25 
2017-07-June 15:39:25 Check to remove old logging: 19
2017-07-June 15:39:25 ===================> SUCCESS, no errors detected.===========================
2017-07-June 15:39:25 <<<<<<<<<<<<<<<<<<<<<<<<<<<<<<<<<>>>>>>>>>>>>>>>>>>>>>>>>>>>>>>>>>>>>>>>>>>>